@!@!@STARTMSG 2262:0 @!@!@
TLC2 Version 2.16 of 31 December 2020 (rev: cdddf55)
@!@!@ENDMSG 2262 @!@!@
@!@!@STARTMSG 2187:0 @!@!@
Running breadth-first search Model-Checking with fp 37 and seed -4715383356067975789 with 4 workers on 8 cores with 2411MB heap and 5420MB offheap memory [pid: 88356] (Windows 10 10.0 amd64, AdoptOpenJDK 14.0.1 x86_64, OffHeapDiskFPSet, DiskStateQueue).
@!@!@ENDMSG 2187 @!@!@
@!@!@STARTMSG 2220:0 @!@!@
Starting SANY...
@!@!@ENDMSG 2220 @!@!@
Parsing file C:\Users\HP\Desktop\UNIBO\LaureaMagistrale\Programmazione Concorrente e Distribuita (PCD)\Assignment\firstAssigmnet\tla+-spec\assignment01.toolbox\Model_1\MC.tla
Parsing file C:\Users\HP\Desktop\UNIBO\LaureaMagistrale\Programmazione Concorrente e Distribuita (PCD)\Assignment\firstAssigmnet\tla+-spec\assignment01.toolbox\Model_1\assignment01.tla
Warning: symbols were renamed.
Parsing file C:\Users\HP\Desktop\UNIBO\LaureaMagistrale\Programmazione Concorrente e Distribuita (PCD)\Libraries\TLAToolbox-1.7.1-win32.win32.x86_64\toolbox\plugins\org.lamport.tlatools_1.0.0.202012311918\tla2sany\StandardModules\TLC.tla
Parsing file C:\Users\HP\Desktop\UNIBO\LaureaMagistrale\Programmazione Concorrente e Distribuita (PCD)\Libraries\TLAToolbox-1.7.1-win32.win32.x86_64\toolbox\plugins\org.lamport.tlatools_1.0.0.202012311918\tla2sany\StandardModules\Integers.tla
Parsing file C:\Users\HP\Desktop\UNIBO\LaureaMagistrale\Programmazione Concorrente e Distribuita (PCD)\Libraries\TLAToolbox-1.7.1-win32.win32.x86_64\toolbox\plugins\org.lamport.tlatools_1.0.0.202012311918\tla2sany\StandardModules\Sequences.tla
Parsing file C:\Users\HP\Desktop\UNIBO\LaureaMagistrale\Programmazione Concorrente e Distribuita (PCD)\Libraries\TLAToolbox-1.7.1-win32.win32.x86_64\toolbox\plugins\org.lamport.tlatools_1.0.0.202012311918\tla2sany\StandardModules\Naturals.tla
Parsing file C:\Users\HP\Desktop\UNIBO\LaureaMagistrale\Programmazione Concorrente e Distribuita (PCD)\Libraries\TLAToolbox-1.7.1-win32.win32.x86_64\toolbox\plugins\org.lamport.tlatools_1.0.0.202012311918\tla2sany\StandardModules\FiniteSets.tla
Semantic processing of module Naturals
Semantic processing of module Sequences
Semantic processing of module FiniteSets
Semantic processing of module TLC
Semantic processing of module Integers
Semantic processing of module assignment01
Semantic processing of module MC
@!@!@STARTMSG 2219:0 @!@!@
SANY finished.
@!@!@ENDMSG 2219 @!@!@
@!@!@STARTMSG 2185:0 @!@!@
Starting... (2023-04-13 09:23:37)
@!@!@ENDMSG 2185 @!@!@
@!@!@STARTMSG 2212:0 @!@!@
Implied-temporal checking--satisfiability problem has 2 branches.
@!@!@ENDMSG 2212 @!@!@
@!@!@STARTMSG 2189:0 @!@!@
Computing initial states...
@!@!@ENDMSG 2189 @!@!@
@!@!@STARTMSG 2190:0 @!@!@
Finished computing initial states: 1 distinct state generated at 2023-04-13 09:23:40.
@!@!@ENDMSG 2190 @!@!@
<<"interval", "file">>
<<"interval", "file">>
<<"interval", "file">>
<<"interval", "file">>
<<"interval", "file">>
<<"interval", "file">>
<<"interval", "file">>
<<"interval", "file">>
<<"interval", "file">>
<<"interval", "file">>
<<"interval", "file">>
<<"interval", "file">>
<<"interval", "file">>
<<"interval", "file">>
<<"interval", "file">>
<<"interval", "file">>
<<"interval", "file">>
<<"interval", "file">>
<<"interval", "file">>
<<"interval", "file">>
<<"interval", "file">>
<<"interval", "file">>
<<"interval", "file">>
<<"interval", "file">>
<<"interval", "file">>
<<"interval", "file">>
<<"interval", "file">>
<<"interval", "file">>
<<"interval", "file">>
<<"interval", "file">>
<<"interval", "file">>
<<"interval", "file">>
<<"interval", "file">>
<<"interval", "file">>
<<"interval", "file">>
<<"interval", "file">>
<<"interval", "file">>
<<"interval", "file">>
<<"interval", "file">>
<<"interval", "file">>
<<"interval", "file">>
<<"interval", "file">>
<<"interval", "file">>
<<"interval", "file">>
<<"interval", "file">>
<<"interval", "file">>
<<"interval", "file">>
<<"interval", "file">>
<<"interval", "file">>
<<"interval", "file">>
<<"interval", "file">>
<<"interval", "file">>
<<"interval", "file">>
<<"interval", "file">>
<<"interval", "file">>
<<"interval", "file">>
<<"interval", "file">>
<<"interval", "file">>
<<"interval", "file">>
<<"interval", "file">>
<<"interval", "file">>
<<"interval", "file">>
<<"interval", "file">>
<<"interval", "file">>
<<"interval", "file">>
<<"interval", "file">>
<<"interval", "file">>
<<"interval", "file">>
<<"interval", "file">>
<<"interval", "file">>
<<"interval", "file">>
<<"interval", "file">>
<<"interval", "file">>
<<"interval", "file">>
<<"interval", "file">>
<<"interval", "file">>
<<"interval", "file">>
<<"interval", "file">>
<<"interval", "file">>
<<"interval", "file">>
<<"interval", "file">>
<<"interval", "file">>
<<"interval", "file">>
<<"interval", "file">>
<<"interval", "file">>
<<"interval", "file">>
<<"interval", "file">>
<<"interval", "file">>
<<"interval", "file">>
<<"interval", "file">>
<<"interval", "file">>
<<"interval", "file">>
<<"interval", "file">>
<<"interval", "file">>
<<"interval", "file">>
<<"interval", "file">>
<<"interval", "file">>
<<"interval", "file">>
<<"interval", "file">>
<<"interval", "file">>
<<"interval", "file">>
<<"interval", "file">>
<<"interval", "file">>
<<"interval", "file">>
<<"interval", "file">>
<<"interval", "file">>
<<"interval", "file">>
<<"interval", "file">>
<<"interval", "file">>
<<"interval", "file">>
<<"interval", "file">>
<<"interval", "file">>
<<"interval", "file">>
<<"interval", "file">>
<<"interval", "file">>
<<"interval", "file">>
<<"interval", "file">>
<<"interval", "file">>
<<"interval", "file">>
<<"interval", "file">>
<<"interval", "file">>
<<"interval", "file">>
<<"interval", "file">>
<<"interval", "file">>
<<"interval", "file">>
<<"interval", "file">>
<<"interval", "file">>
<<"interval", "file">>
<<"interval", "file">>
<<"interval", "file">>
<<"interval", "file">>
<<"interval", "file">>
<<"interval", "file">>
<<"interval", "file">>
<<"interval", "file">>
<<"interval", "file">>
<<"interval", "file">>
<<"interval", "file">>
<<"interval", "file">>
<<"interval", "file">>
<<"interval", "file">>
<<"interval", "file">>
<<"interval", "file">>
<<"interval", "file">>
<<"interval", "file">>
<<"interval", "file">>
<<"interval", "file">>
<<"interval", "file">>
<<"interval", "file">>
<<"interval", "file">>
<<"interval", "file">>
<<"interval", "file">>
<<"interval", "file">>
<<"interval", "file">>
<<"interval", "file">>
<<"interval", "file">>
<<"interval", "file">>
<<"interval", "file">>
<<"interval", "file">>
<<"interval", "file">>
<<"interval", "file">>
<<"interval", "file">>
<<"interval", "file">>
<<"interval", "file">>
<<"interval", "file">>
<<"interval", "file">>
<<"interval", "file">>
<<"interval", "file">>
<<"interval", "file">>
<<"interval", "file">>
<<"interval", "file">>
<<"interval", "file">>
<<"interval", "file">>
<<"interval", "file">>
<<"interval", "file">>
<<"interval", "file">>
<<"interval", "file">>
<<"interval", "file">>
<<"interval", "file">>
<<"interval", "file">>
<<"interval", "file">>
<<"interval", "file">>
<<"interval", "file">>
<<"interval", "file">>
<<"interval", "file">>
<<"interval", "file">>
<<"interval", "file">>
<<"interval", "file">>
<<"interval", "file">>
<<"interval", "file">>
<<"interval", "file">>
<<"interval", "file">>
<<"interval", "file">>
<<"interval", "file">>
<<"interval", "file">>
<<"interval", "file">>
<<"interval", "file">>
<<"interval", "file">>
<<"interval", "file">>
<<"interval", "file">>
<<"interval", "file">>
<<"interval", "file">>
<<"interval", "file">>
<<"interval", "file">>
<<"interval", "file">>
<<"interval", "file">>
<<"interval", "file">>
<<"interval", "file">>
<<"interval", "file">>
<<"interval", "file">>
<<"interval", "file">>
<<"interval", "file">>
<<"interval", "file">>
<<"interval", "file">>
<<"interval", "file">>
<<"interval", "file">>
<<"interval", "file">>
<<"interval", "file">>
<<"interval", "file">>
<<"interval", "file">>
<<"interval", "file">>
<<"interval", "file">>
<<"interval", "file">>
<<"interval", "file">>
<<"interval", "file">>
<<"interval", "file">>
<<"interval", "file">>
<<"interval", "file">>
<<"interval", "file">>
<<"interval", "file">>
<<"interval", "file">>
<<"interval", "file">>
<<"interval", "file">>
<<"interval", "file">>
<<"interval", "file">>
<<"interval", "file">>
<<"interval", "file">>
<<"interval", "file">>
<<"interval", "file">>
<<"interval", "file">>
<<"interval", "file">>
<<"interval", "file">>
<<"interval", "file">>
<<"interval", "file">>
<<"interval", "file">>
<<"interval", "file">>
<<"interval", "file">>
<<"interval", "file">>
<<"interval", "file">>
<<"interval", "file">>
<<"interval", "file">>
<<"interval", "file">>
<<"interval", "file">>
<<"interval", "file">>
<<"interval", "file">>
<<"interval", "file">>
<<"interval", "file">>
<<"interval", "file">>
<<"interval", "file">>
<<"interval", "file">>
<<"interval", "file">>
<<"interval", "file">>
<<"interval", "file">>
<<"interval", "file">>
<<"interval", "file">>
<<"interval", "file">>
<<"interval", "file">>
<<"interval", "file">>
<<"interval", "file">>
<<"interval", "file">>
<<"interval", "file">>
<<"interval", "file">>
<<"interval", "file">>
<<"interval", "file">>
<<"interval", "file">>
<<"interval", "file">>
<<"interval", "file">>
<<"interval", "file">>
<<"interval", "file">>
<<"interval", "file">>
<<"interval", "file">>
<<"interval", "file">>
<<"interval", "file">>
<<"interval", "file">>
<<"interval", "file">>
<<"interval", "file">>
<<"interval", "file">>
<<"interval", "file">>
<<"interval", "file">>
<<"interval", "file">>
<<"interval", "file">>
<<"interval", "file">>
<<"interval", "file">>
<<"interval", "file">>
<<"interval", "file">>
<<"interval", "file">>
<<"interval", "file">>
<<"interval", "file">>
<<"interval", "file">>
<<"interval", "file">>
<<"interval", "file">>
<<"interval", "file">>
<<"interval", "file">>
<<"interval", "file">>
<<"interval", "file">>
<<"interval", "file">>
<<"interval", "file">>
<<"interval", "file">>
<<"interval", "file">>
<<"interval", "file">>
<<"interval", "file">>
<<"interval", "file">>
<<"interval", "file">>
<<"interval", "file">>
<<"interval", "file">>
<<"interval", "file">>
<<"interval", "file">>
<<"interval", "file">>
<<"interval", "file">>
<<"interval", "file">>
<<"interval", "file">>
<<"interval", "file">>
<<"interval", "file">>
<<"interval", "file">>
<<"interval", "file">>
<<"interval", "file">>
<<"interval", "file">>
<<"interval", "file">>
<<"interval", "file">>
<<"interval", "file">>
<<"interval", "file">>
<<"interval", "file">>
<<"interval", "file">>
<<"interval", "file">>
<<"interval", "file">>
<<"interval", "file">>
<<"interval", "file">>
<<"interval", "file">>
<<"interval", "file">>
<<"interval", "file">>
<<"interval", "file">>
<<"interval", "file">>
<<"interval", "file">>
<<"interval", "file">>
<<"interval", "file">>
<<"interval", "file">>
<<"interval", "file">>
<<"interval", "file">>
<<"interval", "file">>
<<"interval", "file">>
<<"interval", "file">>
<<"interval", "file">>
<<"interval", "file">>
<<"interval", "file">>
<<"interval", "file">>
<<"interval", "file">>
<<"interval", "file">>
<<"interval", "file">>
<<"interval", "file">>
<<"interval", "file">>
<<"interval", "file">>
<<"interval", "file">>
<<"interval", "file">>
<<"interval", "file">>
<<"interval", "file">>
<<"interval", "file">>
<<"interval", "file">>
<<"interval", "file">>
<<"interval", "file">>
<<"interval", "file">>
<<"interval", "file">>
<<"interval", "file">>
<<"interval", "file">>
<<"interval", "file">>
<<"interval", "file">>
<<"interval", "file">>
<<"interval", "file">>
<<"interval", "file">>
<<"interval", "file">>
<<"interval", "file">>
<<"interval", "file">>
<<"interval", "file">>
<<"interval", "file">>
<<"interval", "file">>
<<"interval", "file">>
<<"interval", "file">>
<<"interval", "file">>
<<"interval", "file">>
<<"interval", "file">>
<<"interval", "file">>
<<"interval", "file">>
<<"interval", "file">>
<<"interval", "file">>
<<"interval", "file">>
<<"interval", "file">>
<<"interval", "file">>
<<"interval", "file">>
<<"interval", "file">>
<<"interval", "file">>
<<"interval", "file">>
<<"interval", "file">>
<<"interval", "file">>
<<"interval", "file">>
<<"interval", "file">>
<<"interval", "file">>
<<"interval", "file">>
<<"interval", "file">>
<<"interval", "file">>
<<"interval", "file">>
<<"interval", "file">>
<<"interval", "file">>
<<"interval", "file">>
<<"interval", "file">>
<<"interval", "file">>
<<"interval", "file">>
<<"interval", "file">>
<<"interval", "file">>
<<"interval", "file">>
<<"interval", "file">>
<<"interval", "file">>
<<"interval", "file">>
<<"interval", "file">>
<<"interval", "file">>
<<"interval", "file">>
<<"interval", "file">>
<<"interval", "file">>
<<"interval", "file">>
<<"interval", "file">>
<<"interval", "file">>
<<"interval", "file">>
<<"interval", "file">>
<<"interval", "file">>
<<"interval", "file">>
<<"interval", "file">>
<<"interval", "file">>
<<"interval", "file">>
<<"interval", "file">>
<<"interval", "file">>
<<"interval", "file">>
<<"interval", "file">>
<<"interval", "file">>
<<"interval", "file">>
<<"interval", "file">>
<<"interval", "file">>
<<"interval", "file">>
<<"interval", "file">>
<<"interval", "file">>
<<"interval", "file">>
<<"interval", "file">>
<<"interval", "file">>
<<"interval", "file">>
<<"interval", "file">>
<<"interval", "file">>
<<"interval", "file">>
<<"interval", "file">>
<<"interval", "file">>
<<"interval", "file">>
<<"interval", "file">>
<<"interval", "file">>
<<"interval", "file">>
<<"interval", "file">>
<<"interval", "file">>
<<"interval", "file">>
<<"interval", "file">>
<<"interval", "file">>
<<"interval", "file">>
<<"interval", "file">>
<<"interval", "file">>
<<"interval", "file">>
<<"interval", "file">>
<<"interval", "file">>
<<"interval", "file">>
<<"interval", "file">>
<<"interval", "file">>
<<"interval", "file">>
<<"interval", "file">>
<<"interval", "file">>
<<"interval", "file">>
<<"interval", "file">>
<<"interval", "file">>
<<"interval", "file">>
<<"interval", "file">>
<<"interval", "file">>
<<"interval", "file">>
<<"interval", "file">>
<<"interval", "file">>
<<"interval", "file">>
<<"interval", "file">>
<<"interval", "file">>
<<"interval", "file">>
<<"interval", "file">>
<<"interval", "file">>
<<"interval", "file">>
<<"interval", "file">>
<<"interval", "file">>
<<"interval", "file">>
<<"interval", "file">>
<<"interval", "file">>
<<"interval", "file">>
<<"interval", "file">>
<<"interval", "file">>
<<"interval", "file">>
<<"interval", "file">>
<<"interval", "file">>
<<"interval", "file">>
<<"interval", "file">>
<<"interval", "file">>
<<"interval", "file">>
<<"interval", "file">>
<<"interval", "file">>
<<"interval", "file">>
<<"interval", "file">>
<<"interval", "file">>
<<"interval", "file">>
<<"interval", "file">>
<<"interval", "file">>
<<"interval", "file">>
<<"interval", "file">>
<<"interval", "file">>
<<"interval", "file">>
<<"interval", "file">>
<<"interval", "file">>
<<"interval", "file">>
<<"interval", "file">>
<<"interval", "file">>
<<"interval", "file">>
<<"interval", "file">>
<<"interval", "file">>
<<"interval", "file">>
<<"interval", "file">>
<<"interval", "file">>
<<"interval", "file">>
<<"interval", "file">>
<<"interval", "file">>
<<"interval", "file">>
<<"interval", "file">>
<<"interval", "file">>
<<"interval", "file">>
<<"interval", "file">>
<<"interval", "file">>
<<"interval", "file">>
<<"interval", "file">>
<<"interval", "file">>
<<"interval", "file">>
<<"interval", "file">>
<<"interval", "file">>
<<"interval", "file">>
<<"interval", "file">>
<<"interval", "file">>
<<"interval", "file">>
<<"interval", "file">>
<<"interval", "file">>
<<"interval", "file">>
<<"interval", "file">>
<<"interval", "file">>
<<"interval", "file">>
<<"interval", "file">>
<<"interval", "file">>
<<"interval", "file">>
<<"interval", "file">>
<<"interval", "file">>
<<"interval", "file">>
<<"interval", "file">>
<<"interval", "file">>
<<"interval", "file">>
<<"interval", "file">>
<<"interval", "file">>
<<"interval", "file">>
<<"interval", "file">>
<<"interval", "file">>
<<"interval", "file">>
<<"interval", "file">>
<<"interval", "file">>
<<"interval", "file">>
<<"interval", "file">>
<<"interval", "file">>
<<"interval", "file">>
<<"interval", "file">>
<<"interval", "file">>
<<"interval", "file">>
<<"interval", "file">>
<<"interval", "file">>
<<"interval", "file">>
<<"interval", "file">>
<<"interval", "file">>
<<"interval", "file">>
<<"interval", "file">>
<<"interval", "file">>
<<"interval", "file">>
<<"interval", "file">>
<<"interval", "file">>
<<"interval", "file">>
<<"interval", "file">>
<<"interval", "file">>
<<"interval", "file">>
<<"interval", "file">>
<<"interval", "file">>
<<"interval", "file">>
<<"interval", "file">>
<<"interval", "file">>
<<"interval", "file">>
<<"interval", "file">>
<<"interval", "file">>
<<"interval", "file">>
<<"interval", "file">>
<<"interval", "file">>
<<"interval", "file">>
<<"interval", "file">>
<<"interval", "file">>
<<"interval", "file">>
<<"interval", "file">>
<<"interval", "file">>
<<"interval", "file">>
<<"interval", "file">>
<<"interval", "file">>
<<"interval", "file">>
<<"interval", "file">>
<<"interval", "file">>
<<"interval", "file">>
<<"interval", "file">>
<<"interval", "file">>
<<"interval", "file">>
<<"interval", "file">>
<<"interval", "file">>
<<"interval", "file">>
<<"interval", "file">>
<<"interval", "file">>
<<"interval", "file">>
<<"interval", "file">>
<<"interval", "file">>
<<"interval", "file">>
<<"interval", "file">>
<<"interval", "file">>
<<"interval", "file">>
<<"interval", "file">>
<<"interval", "file">>
<<"interval", "file">>
<<"interval", "file">>
<<"interval", "file">>
<<"interval", "file">>
<<"interval", "file">>
<<"interval", "file">>
<<"interval", "file">>
<<"interval", "file">>
<<"interval", "file">>
<<"interval", "file">>
<<"interval", "file">>
<<"interval", "file">>
<<"interval", "file">>
<<"interval", "file">>
<<"interval", "file">>
<<"interval", "file">>
<<"interval", "file">>
<<"interval", "file">>
<<"interval", "file">>
<<"interval", "file">>
<<"interval", "file">>
<<"interval", "file">>
<<"interval", "file">>
<<"interval", "file">>
<<"interval", "file">>
<<"interval", "file">>
<<"interval", "file">>
<<"interval", "file">>
<<"interval", "file">>
<<"interval", "file">>
<<"interval", "file">>
<<"interval", "file">>
<<"interval", "file">>
<<"interval", "file">>
<<"interval", "file">>
<<"interval", "file">>
<<"interval", "file">>
<<"interval", "file">>
<<"interval", "file">>
<<"interval", "file">>
<<"interval", "file">>
<<"interval", "file">>
<<"interval", "file">>
<<"interval", "file">>
<<"interval", "file">>
<<"interval", "file">>
<<"interval", "file">>
<<"interval", "file">>
<<"interval", "file">>
<<"interval", "file">>
<<"interval", "file">>
<<"interval", "file">>
<<"interval", "file">>
<<"interval", "file">>
<<"interval", "file">>
<<"interval", "file">>
<<"interval", "file">>
<<"interval", "file">>
<<"interval", "file">>
<<"interval", "file">>
<<"interval", "file">>
<<"interval", "file">>
<<"interval", "file">>
<<"interval", "file">>
<<"interval", "file">>
<<"interval", "file">>
<<"interval", "file">>
<<"interval", "file">>
<<"interval", "file">>
<<"interval", "file">>
<<"interval", "file">>
<<"interval", "file">>
<<"interval", "file">>
<<"interval", "file">>
<<"interval", "file">>
<<"interval", "file">>
<<"interval", "file">>
<<"interval", "file">>
<<"interval", "file">>
<<"interval", "file">>
<<"interval", "file">>
<<"interval", "file">>
<<"interval", "file">>
<<"interval", "file">>
<<"interval", "file">>
<<"interval", "file">>
<<"interval", "file">>
<<"interval", "file">>
<<"interval", "file">>
<<"interval", "file">>
<<"interval", "file">>
<<"interval", "file">>
<<"interval", "file">>
<<"interval", "file">>
<<"interval", "file">>
<<"interval", "file">>
<<"interval", "file">>
<<"interval", "file">>
<<"interval", "file">>
<<"interval", "file">>
<<"interval", "file">>
<<"interval", "file">>
<<"interval", "file">>
<<"interval", "file">>
<<"interval", "file">>
<<"interval", "file">>
<<"interval", "file">>
<<"interval", "file">>
<<"interval", "file">>
<<"interval", "file">>
<<"interval", "file">>
<<"interval", "file">>
<<"interval", "file">>
<<"interval", "file">>
<<"interval", "file">>
<<"interval", "file">>
<<"interval", "file">>
<<"interval", "file">>
<<"interval", "file">>
<<"interval", "file">>
<<"interval", "file">>
<<"interval", "file">>
<<"interval", "file">>
<<"interval", "file">>
<<"interval", "file">>
<<"interval", "file">>
<<"interval", "file">>
<<"interval", "file">>
<<"interval", "file">>
<<"interval", "file">>
<<"interval", "file">>
<<"interval", "file">>
<<"interval", "file">>
<<"interval", "file">>
<<"interval", "file">>
<<"interval", "file">>
<<"interval", "file">>
<<"interval", "file">>
<<"interval", "file">>
<<"interval", "file">>
<<"interval", "file">>
<<"interval", "file">>
<<"interval", "file">>
<<"interval", "file">>
<<"interval", "file">>
<<"interval", "file">>
<<"interval", "file">>
<<"interval", "file">>
<<"interval", "file">>
<<"interval", "file">>
<<"interval", "file">>
<<"interval", "file">>
<<"interval", "file">>
<<"interval", "file">>
<<"interval", "file">>
<<"interval", "file">>
<<"interval", "file">>
<<"interval", "file">>
<<"interval", "file">>
<<"interval", "file">>
<<"interval", "file">>
<<"interval", "file">>
<<"interval", "file">>
<<"interval", "file">>
<<"interval", "file">>
<<"interval", "file">>
<<"interval", "file">>
<<"interval", "file">>
<<"interval", "file">>
<<"interval", "file">>
<<"interval", "file">>
<<"interval", "file">>
<<"interval", "file">>
<<"interval", "file">>
<<"interval", "file">>
<<"interval", "file">>
<<"interval", "file">>
<<"interval", "file">>
<<"interval", "file">>
<<"interval", "file">>
<<"interval", "file">>
<<"interval", "file">>
<<"interval", "file">>
<<"interval", "file">>
<<"interval", "file">>
<<"interval", "file">>
<<"interval", "file">>
<<"interval", "file">>
<<"interval", "file">>
<<"interval", "file">>
<<"interval", "file">>
<<"interval", "file">>
<<"interval", "file">>
<<"interval", "file">>
<<"interval", "file">>
<<"interval", "file">>
<<"interval", "file">>
<<"interval", "file">>
<<"interval", "file">>
<<"interval", "file">>
<<"interval", "file">>
<<"interval", "file">>
<<"interval", "file">>
<<"interval", "file">>
<<"interval", "file">>
<<"interval", "file">>
<<"interval", "file">>
<<"interval", "file">>
<<"interval", "file">>
<<"interval", "file">>
<<"interval", "file">>
<<"interval", "file">>
<<"interval", "file">>
<<"interval", "file">>
<<"interval", "file">>
<<"interval", "file">>
<<"interval", "file">>
<<"interval", "file">>
<<"interval", "file">>
<<"interval", "file">>
<<"interval", "file">>
<<"interval", "file">>
<<"interval", "file">>
<<"interval", "file">>
<<"interval", "file">>
<<"interval", "file">>
<<"interval", "file">>
<<"interval", "file">>
<<"interval", "file">>
<<"interval", "file">>
<<"interval", "file">>
<<"interval", "file">>
<<"interval", "file">>
<<"interval", "file">>
<<"interval", "file">>
<<"interval", "file">>
<<"interval", "file">>
<<"interval", "file">>
<<"interval", "file">>
<<"interval", "file">>
<<"interval", "file">>
<<"interval", "file">>
<<"interval", "file">>
<<"interval", "file">>
<<"interval", "file">>
<<"interval", "file">>
<<"interval", "file">>
<<"interval", "file">>
<<"interval", "file">>
<<"interval", "file">>
<<"interval", "file">>
<<"interval", "file">>
<<"interval", "file">>
<<"interval", "file">>
<<"interval", "file">>
<<"interval", "file">>
<<"interval", "file">>
<<"interval", "file">>
<<"interval", "file">>
<<"interval", "file">>
<<"interval", "file">>
<<"interval", "file">>
<<"interval", "file">>
<<"interval", "file">>
<<"interval", "file">>
<<"interval", "file">>
<<"interval", "file">>
<<"interval", "file">>
<<"interval", "file">>
<<"interval", "file">>
<<"interval", "file">>
<<"interval", "file">>
<<"interval", "file">>
<<"interval", "file">>
<<"interval", "file">>
<<"interval", "file">>
<<"interval", "file">>
<<"interval", "file">>
<<"interval", "file">>
<<"interval", "file">>
<<"interval", "file">>
<<"interval", "file">>
<<"interval", "file">>
<<"interval", "file">>
<<"interval", "file">>
<<"interval", "file">>
<<"interval", "file">>
<<"interval", "file">>
<<"interval", "file">>
<<"interval", "file">>
<<"interval", "file">>
<<"interval", "file">>
<<"interval", "file">>
<<"interval", "file">>
<<"interval", "file">>
<<"interval", "file">>
<<"interval", "file">>
<<"interval", "file">>
<<"interval", "file">>
<<"interval", "file">>
<<"interval", "file">>
<<"interval", "file">>
<<"interval", "file">>
<<"interval", "file">>
<<"interval", "file">>
<<"interval", "file">>
<<"interval", "file">>
<<"interval", "file">>
<<"interval", "file">>
<<"interval", "file">>
<<"interval", "file">>
<<"interval", "file">>
<<"interval", "file">>
<<"interval", "file">>
<<"interval", "file">>
<<"interval", "file">>
<<"interval", "file">>
<<"interval", "file">>
<<"interval", "file">>
<<"interval", "file">>
<<"interval", "file">>
<<"interval", "file">>
<<"interval", "file">>
<<"interval", "file">>
<<"interval", "file">>
<<"interval", "file">>
<<"interval", "file">>
<<"interval", "file">>
<<"interval", "file">>
<<"interval", "file">>
<<"interval", "file">>
<<"interval", "file">>
<<"interval", "file">>
<<"interval", "file">>
<<"interval", "file">>
<<"interval", "file">>
<<"interval", "file">>
<<"interval", "file">>
<<"interval", "file">>
<<"interval", "file">>
<<"interval", "file">>
<<"interval", "file">>
<<"interval", "file">>
<<"interval", "file">>
<<"interval", "file">>
<<"interval", "file">>
<<"interval", "file">>
<<"interval", "file">>
<<"interval", "file">>
<<"interval", "file">>
<<"interval", "file">>
<<"interval", "file">>
<<"interval", "file">>
<<"interval", "file">>
<<"interval", "file">>
<<"interval", "file">>
<<"interval", "file">>
<<"interval", "file">>
<<"interval", "file">>
<<"interval", "file">>
<<"interval", "file">>
<<"interval", "file">>
<<"interval", "file">>
<<"interval", "file">>
<<"interval", "file">>
<<"interval", "file">>
<<"interval", "file">>
<<"interval", "file">>
<<"interval", "file">>
<<"interval", "file">>
<<"interval", "file">>
<<"interval", "file">>
<<"interval", "file">>
<<"interval", "file">>
<<"interval", "file">>
<<"interval", "file">>
<<"interval", "file">>
<<"interval", "file">>
<<"interval", "file">>
<<"interval", "file">>
<<"interval", "file">>
<<"interval", "file">>
<<"interval", "file">>
<<"interval", "file">>
<<"interval", "file">>
<<"interval", "file">>
<<"interval", "file">>
<<"interval", "file">>
<<"interval", "file">>
<<"interval", "file">>
<<"interval", "file">>
<<"interval", "file">>
<<"interval", "file">>
<<"interval", "file">>
<<"interval", "file">>
<<"interval", "file">>
<<"interval", "file">>
<<"interval", "file">>
<<"interval", "file">>
<<"interval", "file">>
<<"interval", "file">>
<<"interval", "file">>
<<"interval", "file">>
<<"interval", "file">>
<<"interval", "file">>
<<"interval", "file">>
<<"interval", "file">>
<<"interval", "file">>
<<"interval", "file">>
<<"interval", "file">>
<<"interval", "file">>
<<"interval", "file">>
<<"interval", "file">>
<<"interval", "file">>
<<"interval", "file">>
<<"interval", "file">>
<<"interval", "file">>
<<"interval", "file">>
<<"interval", "file">>
<<"interval", "file">>
<<"interval", "file">>
<<"interval", "file">>
<<"interval", "file">>
<<"interval", "file">>
<<"interval", "file">>
<<"interval", "file">>
<<"interval", "file">>
<<"interval", "file">>
<<"interval", "file">>
<<"interval", "file">>
<<"interval", "file">>
<<"interval", "file">>
<<"interval", "file">>
<<"interval", "file">>
<<"interval", "file">>
<<"interval", "file">>
<<"interval", "file">>
<<"interval", "file">>
<<"interval", "file">>
<<"interval", "file">>
<<"interval", "file">>
<<"interval", "file">>
<<"interval", "file">>
<<"interval", "file">>
<<"interval", "file">>
<<"interval", "file">>
<<"interval", "file">>
<<"interval", "file">>
<<"interval", "file">>
<<"interval", "file">>
<<"interval", "file">>
<<"interval", "file">>
<<"interval", "file">>
<<"interval", "file">>
<<"interval", "file">>
<<"interval", "file">>
<<"interval", "file">>
<<"interval", "file">>
<<"interval", "file">>
<<"interval", "file">>
<<"interval", "file">>
<<"interval", "file">>
<<"interval", "file">>
<<"interval", "file">>
<<"interval", "file">>
<<"interval", "file">>
<<"interval", "file">>
<<"interval", "file">>
<<"interval", "file">>
<<"interval", "file">>
<<"interval", "file">>
<<"interval", "file">>
<<"interval", "file">>
<<"interval", "file">>
<<"interval", "file">>
<<"interval", "file">>
<<"interval", "file">>
<<"interval", "file">>
<<"interval", "file">>
<<"interval", "file">>
<<"interval", "file">>
<<"interval", "file">>
<<"interval", "file">>
<<"interval", "file">>
<<"interval", "file">>
<<"interval", "file">>
<<"interval", "file">>
<<"interval", "file">>
<<"interval", "file">>
<<"interval", "file">>
<<"interval", "file">>
<<"interval", "file">>
<<"interval", "file">>
<<"interval", "file">>
<<"interval", "file">>
<<"interval", "file">>
<<"interval", "file">>
<<"interval", "file">>
<<"interval", "file">>
<<"interval", "file">>
<<"interval", "file">>
<<"interval", "file">>
<<"interval", "file">>
<<"interval", "file">>
<<"interval", "file">>
<<"interval", "file">>
<<"interval", "file">>
<<"interval", "file">>
<<"interval", "file">>
<<"interval", "file">>
<<"interval", "file">>
<<"interval", "file">>
<<"interval", "file">>
<<"interval", "file">>
<<"interval", "file">>
<<"interval", "file">>
<<"interval", "file">>
<<"interval", "file">>
<<"interval", "file">>
<<"interval", "file">>
<<"interval", "file">>
<<"interval", "file">>
<<"interval", "file">>
<<"interval", "file">>
<<"interval", "file">>
<<"interval", "file">>
<<"interval", "file">>
<<"interval", "file">>
<<"interval", "file">>
<<"interval", "file">>
<<"interval", "file">>
<<"interval", "file">>
<<"interval", "file">>
<<"interval", "file">>
<<"interval", "file">>
<<"interval", "file">>
<<"interval", "file">>
<<"interval", "file">>
<<"interval", "file">>
<<"interval", "file">>
<<"interval", "file">>
<<"interval", "file">>
<<"interval", "file">>
<<"interval", "file">>
<<"interval", "file">>
<<"interval", "file">>
<<"interval", "file">>
<<"interval", "file">>
<<"interval", "file">>
<<"interval", "file">>
<<"interval", "file">>
<<"interval", "file">>
<<"interval", "file">>
<<"interval", "file">>
<<"interval", "file">>
<<"interval", "file">>
<<"interval", "file">>
<<"interval", "file">>
<<"interval", "file">>
<<"interval", "file">>
<<"interval", "file">>
<<"interval", "file">>
<<"interval", "file">>
<<"interval", "file">>
<<"interval", "file">>
<<"interval", "file">>
<<"interval", "file">>
<<"interval", "file">>
<<"interval", "file">>
<<"interval", "file">>
<<"interval", "file">>
<<"interval", "file">>
<<"interval", "file">>
<<"interval", "file">>
<<"interval", "file">>
<<"interval", "file">>
<<"interval", "file">>
<<"interval", "file">>
<<"interval", "file">>
<<"interval", "file">>
<<"interval", "file">>
<<"interval", "file">>
<<"interval", "file">>
<<"interval", "file">>
<<"interval", "file">>
<<"interval", "file">>
<<"interval", "file">>
<<"interval", "file">>
<<"interval", "file">>
<<"interval", "file">>
<<"interval", "file">>
<<"interval", "file">>
<<"interval", "file">>
<<"interval", "file">>
<<"interval", "file">>
<<"interval", "file">>
<<"interval", "file">>
<<"interval", "file">>
<<"interval", "file">>
<<"interval", "file">>
<<"interval", "file">>
<<"interval", "file">>
<<"interval", "file">>
<<"interval", "file">>
<<"interval", "file">>
<<"interval", "file">>
<<"interval", "file">>
<<"interval", "file">>
<<"interval", "file">>
<<"interval", "file">>
<<"interval", "file">>
<<"interval", "file">>
<<"interval", "file">>
<<"interval", "file">>
<<"interval", "file">>
<<"interval", "file">>
<<"interval", "file">>
<<"interval", "file">>
<<"interval", "file">>
<<"interval", "file">>
<<"interval", "file">>
<<"interval", "file">>
<<"interval", "file">>
<<"interval", "file">>
<<"interval", "file">>
<<"interval", "file">>
<<"interval", "file">>
<<"interval", "file">>
<<"interval", "file">>
<<"interval", "file">>
<<"interval", "file">>
<<"interval", "file">>
<<"interval", "file">>
<<"interval", "file">>
<<"interval", "file">>
<<"interval", "file">>
<<"interval", "file">>
<<"interval", "file">>
<<"interval", "file">>
<<"interval", "file">>
<<"interval", "file">>
<<"interval", "file">>
<<"interval", "file">>
<<"interval", "file">>
<<"interval", "file">>
<<"interval", "file">>
<<"interval", "file">>
<<"interval", "file">>
<<"interval", "file">>
<<"interval", "file">>
<<"interval", "file">>
<<"interval", "file">>
<<"interval", "file">>
<<"interval", "file">>
<<"interval", "file">>
<<"interval", "file">>
<<"interval", "file">>
<<"interval", "file">>
<<"interval", "file">>
<<"interval", "file">>
<<"interval", "file">>
<<"interval", "file">>
<<"interval", "file">>
<<"interval", "file">>
<<"interval", "file">>
<<"interval", "file">>
<<"interval", "file">>
<<"interval", "file">>
<<"interval", "file">>
<<"interval", "file">>
<<"interval", "file">>
<<"interval", "file">>
<<"interval", "file">>
<<"interval", "file">>
<<"interval", "file">>
<<"interval", "file">>
<<"interval", "file">>
<<"interval", "file">>
<<"interval", "file">>
<<"interval", "file">>
<<"interval", "file">>
<<"interval", "file">>
<<"interval", "file">>
<<"interval", "file">>
<<"interval", "file">>
<<"interval", "file">>
<<"interval", "file">>
<<"interval", "file">>
<<"interval", "file">>
<<"interval", "file">>
<<"interval", "file">>
<<"interval", "file">>
<<"interval", "file">>
<<"interval", "file">>
<<"interval", "file">>
<<"interval", "file">>
<<"interval", "file">>
<<"interval", "file">>
<<"interval", "file">>
<<"interval", "file">>
<<"interval", "file">>
<<"interval", "file">>
<<"interval", "file">>
<<"interval", "file">>
<<"interval", "file">>
<<"interval", "file">>
<<"interval", "file">>
<<"interval", "file">>
<<"interval", "file">>
<<"interval", "file">>
<<"interval", "file">>
<<"interval", "file">>
<<"interval", "file">>
<<"interval", "file">>
<<"interval", "file">>
<<"interval", "file">>
<<"interval", "file">>
<<"interval", "file">>
<<"interval", "file">>
<<"interval", "file">>
<<"interval", "file">>
<<"interval", "file">>
<<"interval", "file">>
<<"interval", "file">>
<<"interval", "file">>
<<"interval", "file">>
<<"interval", "file">>
<<"interval", "file">>
<<"interval", "file">>
<<"interval", "file">>
<<"interval", "file">>
<<"interval", "file">>
<<"interval", "file">>
<<"interval", "file">>
<<"interval", "file">>
<<"interval", "file">>
<<"interval", "file">>
<<"interval", "file">>
<<"interval", "file">>
<<"interval", "file">>
<<"interval", "file">>
<<"interval", "file">>
<<"interval", "file">>
<<"interval", "file">>
<<"interval", "file">>
<<"interval", "file">>
<<"interval", "file">>
<<"interval", "file">>
<<"interval", "file">>
<<"interval", "file">>
<<"interval", "file">>
<<"interval", "file">>
<<"interval", "file">>
<<"interval", "file">>
<<"interval", "file">>
<<"interval", "file">>
<<"interval", "file">>
<<"interval", "file">>
<<"interval", "file">>
<<"interval", "file">>
<<"interval", "file">>
<<"interval", "file">>
<<"interval", "file">>
<<"interval", "file">>
<<"interval", "file">>
<<"interval", "file">>
<<"interval", "file">>
<<"interval", "file">>
<<"interval", "file">>
<<"interval", "file">>
<<"interval", "file">>
<<"interval", "file">>
<<"interval", "file">>
<<"interval", "file">>
<<"interval", "file">>
<<"interval", "file">>
<<"interval", "file">>
<<"interval", "file">>
<<"interval", "file">>
<<"interval", "file">>
<<"interval", "file">>
<<"interval", "file">>
<<"interval", "file">>
<<"interval", "file">>
<<"interval", "file">>
<<"interval", "file">>
<<"interval", "file">>
<<"interval", "file">>
<<"interval", "file">>
<<"interval", "file">>
<<"interval", "file">>
<<"interval", "file">>
<<"interval", "file">>
<<"interval", "file">>
<<"interval", "file">>
<<"interval", "file">>
<<"interval", "file">>
<<"interval", "file">>
<<"interval", "file">>
<<"interval", "file">>
<<"interval", "file">>
<<"interval", "file">>
<<"interval", "file">>
<<"interval", "file">>
<<"interval", "file">>
<<"interval", "file">>
<<"interval", "file">>
<<"interval", "file">>
<<"interval", "file">>
<<"interval", "file">>
<<"interval", "file">>
<<"interval", "file">>
<<"interval", "file">>
<<"interval", "file">>
<<"interval", "file">>
<<"interval", "file">>
<<"interval", "file">>
<<"interval", "file">>
<<"interval", "file">>
<<"interval", "file">>
<<"interval", "file">>
<<"interval", "file">>
<<"interval", "file">>
<<"interval", "file">>
<<"interval", "file">>
<<"interval", "file">>
<<"interval", "file">>
<<"interval", "file">>
<<"interval", "file">>
<<"interval", "file">>
<<"interval", "file">>
<<"interval", "file">>
<<"interval", "file">>
<<"interval", "file">>
<<"interval", "file">>
<<"interval", "file">>
<<"interval", "file">>
<<"interval", "file">>
<<"interval", "file">>
<<"interval", "file">>
<<"interval", "file">>
<<"interval", "file">>
<<"interval", "file">>
<<"interval", "file">>
<<"interval", "file">>
<<"interval", "file">>
<<"interval", "file">>
<<"interval", "file">>
<<"interval", "file">>
<<"interval", "file">>
<<"interval", "file">>
<<"interval", "file">>
<<"interval", "file">>
<<"interval", "file">>
<<"interval", "file">>
<<"interval", "file">>
<<"interval", "file">>
<<"interval", "file">>
<<"interval", "file">>
<<"interval", "file">>
<<"interval", "file">>
<<"interval", "file">>
<<"interval", "file">>
<<"interval", "file">>
<<"interval", "file">>
<<"interval", "file">>
<<"interval", "file">>
<<"interval", "file">>
<<"interval", "file">>
<<"interval", "file">>
<<"interval", "file">>
<<"interval", "file">>
<<"interval", "file">>
<<"interval", "file">>
<<"interval", "file">>
<<"interval", "file">>
<<"interval", "file">>
<<"interval", "file">>
<<"interval", "file">>
<<"interval", "file">>
<<"interval", "file">>
<<"interval", "file">>
<<"interval", "file">>
<<"interval", "file">>
<<"interval", "file">>
<<"interval", "file">>
<<"interval", "file">>
<<"interval", "file">>
<<"interval", "file">>
<<"interval", "file">>
<<"interval", "file">>
<<"interval", "file">>
<<"interval", "file">>
<<"interval", "file">>
<<"interval", "file">>
<<"interval", "file">>
<<"interval", "file">>
<<"interval", "file">>
<<"interval", "file">>
<<"interval", "file">>
<<"interval", "file">>
<<"interval", "file">>
<<"interval", "file">>
<<"interval", "file">>
<<"interval", "file">>
<<"interval", "file">>
<<"interval", "file">>
<<"interval", "file">>
<<"interval", "file">>
<<"interval", "file">>
<<"interval", "file">>
<<"interval", "file">>
<<"interval", "file">>
<<"interval", "file">>
<<"interval", "file">>
<<"interval", "file">>
<<"interval", "file">>
<<"interval", "file">>
<<"interval", "file">>
<<"interval", "file">>
<<"interval", "file">>
<<"interval", "file">>
<<"interval", "file">>
<<"interval", "file">>
<<"interval", "file">>
<<"interval", "file">>
<<"interval", "file">>
<<"interval", "file">>
<<"interval", "file">>
<<"interval", "file">>
<<"interval", "file">>
<<"interval", "file">>
<<"interval", "file">>
<<"interval", "file">>
<<"interval", "file">>
<<"interval", "file">>
<<"interval", "file">>
<<"interval", "file">>
<<"interval", "file">>
<<"interval", "file">>
<<"interval", "file">>
<<"interval", "file">>
<<"interval", "file">>
<<"interval", "file">>
<<"interval", "file">>
<<"interval", "file">>
<<"interval", "file">>
<<"interval", "file">>
<<"interval", "file">>
<<"interval", "file">>
<<"interval", "file">>
<<"interval", "file">>
<<"interval", "file">>
<<"interval", "file">>
<<"interval", "file">>
<<"interval", "file">>
<<"interval", "file">>
<<"interval", "file">>
<<"interval", "file">>
<<"interval", "file">>
<<"interval", "file">>
<<"interval", "file">>
<<"interval", "file">>
<<"interval", "file">>
<<"interval", "file">>
<<"interval", "file">>
<<"interval", "file">>
<<"interval", "file">>
<<"interval", "file">>
<<"interval", "file">>
<<"interval", "file">>
<<"interval", "file">>
<<"interval", "file">>
<<"interval", "file">>
<<"interval", "file">>
<<"interval", "file">>
<<"interval", "file">>
<<"interval", "file">>
<<"interval", "file">>
<<"interval", "file">>
<<"interval", "file">>
<<"interval", "file">>
<<"interval", "file">>
<<"interval", "file">>
<<"interval", "file">>
<<"interval", "file">>
<<"interval", "file">>
<<"interval", "file">>
<<"interval", "file">>
<<"interval", "file">>
<<"interval", "file">>
<<"interval", "file">>
<<"interval", "file">>
<<"interval", "file">>
<<"interval", "file">>
<<"interval", "file">>
<<"interval", "file">>
<<"interval", "file">>
<<"interval", "file">>
<<"interval", "file">>
<<"interval", "file">>
<<"interval", "file">>
<<"interval", "file">>
<<"interval", "file">>
<<"interval", "file">>
<<"interval", "file">>
<<"interval", "file">>
<<"interval", "file">>
<<"interval", "file">>
<<"interval", "file">>
<<"interval", "file">>
<<"interval", "file">>
<<"interval", "file">>
<<"interval", "file">>
<<"interval", "file">>
<<"interval", "file">>
<<"interval", "file">>
<<"interval", "file">>
<<"interval", "file">>
<<"interval", "file">>
<<"interval", "file">>
<<"interval", "file">>
<<"interval", "file">>
<<"interval", "file">>
<<"interval", "file">>
<<"interval", "file">>
<<"interval", "file">>
<<"interval", "file">>
<<"interval", "file">>
<<"interval", "file">>
<<"interval", "file">>
<<"interval", "file">>
<<"interval", "file">>
<<"interval", "file">>
<<"interval", "file">>
<<"interval", "file">>
<<"interval", "file">>
<<"interval", "file">>
<<"interval", "file">>
<<"interval", "file">>
<<"interval", "file">>
<<"interval", "file">>
<<"interval", "file">>
<<"interval", "file">>
<<"interval", "file">>
<<"interval", "file">>
<<"interval", "file">>
<<"interval", "file">>
<<"interval", "file">>
<<"interval", "file">>
<<"interval", "file">>
<<"interval", "file">>
<<"interval", "file">>
<<"interval", "file">>
<<"interval", "file">>
<<"interval", "file">>
<<"interval", "file">>
<<"interval", "file">>
<<"interval", "file">>
<<"interval", "file">>
<<"interval", "file">>
<<"interval", "file">>
<<"interval", "file">>
<<"interval", "file">>
<<"interval", "file">>
<<"interval", "file">>
<<"interval", "file">>
<<"interval", "file">>
<<"interval", "file">>
<<"interval", "file">>
<<"interval", "file">>
<<"interval", "file">>
<<"interval", "file">>
<<"interval", "file">>
<<"interval", "file">>
<<"interval", "file">>
<<"interval", "file">>
<<"interval", "file">>
<<"interval", "file">>
<<"interval", "file">>
<<"interval", "file">>
<<"interval", "file">>
<<"interval", "file">>
<<"interval", "file">>
<<"interval", "file">>
<<"interval", "file">>
<<"interval", "file">>
<<"interval", "file">>
<<"interval", "file">>
<<"interval", "file">>
<<"interval", "file">>
<<"interval", "file">>
<<"interval", "file">>
<<"interval", "file">>
<<"interval", "file">>
<<"interval", "file">>
<<"interval", "file">>
<<"interval", "file">>
<<"interval", "file">>
<<"interval", "file">>
<<"interval", "file">>
<<"interval", "file">>
<<"interval", "file">>
<<"interval", "file">>
<<"interval", "file">>
<<"interval", "file">>
<<"interval", "file">>
<<"interval", "file">>
<<"interval", "file">>
<<"interval", "file">>
<<"interval", "file">>
<<"interval", "file">>
<<"interval", "file">>
<<"interval", "file">>
<<"interval", "file">>
<<"interval", "file">>
<<"interval", "file">>
<<"interval", "file">>
<<"interval", "file">>
<<"interval", "file">>
<<"interval", "file">>
<<"interval", "file">>
<<"interval", "file">>
<<"interval", "file">>
<<"interval", "file">>
<<"interval", "file">>
<<"interval", "file">>
<<"interval", "file">>
<<"interval", "file">>
<<"interval", "file">>
<<"interval", "file">>
<<"interval", "file">>
<<"interval", "file">>
<<"interval", "file">>
<<"interval", "file">>
<<"interval", "file">>
<<"interval", "file">>
<<"interval", "file">>
<<"interval", "file">>
<<"interval", "file">>
<<"interval", "file">>
<<"interval", "file">>
<<"interval", "file">>
<<"interval", "file">>
<<"interval", "file">>
<<"interval", "file">>
<<"interval", "file">>
<<"interval", "file">>
<<"interval", "file">>
<<"interval", "file">>
<<"interval", "file">>
<<"interval", "file">>
<<"interval", "file">>
<<"interval", "file">>
<<"interval", "file">>
<<"interval", "file">>
<<"interval", "file">>
<<"interval", "file">>
<<"interval", "file">>
<<"interval", "file">>
<<"interval", "file">>
<<"interval", "file">>
<<"interval", "file">>
<<"interval", "file">>
<<"interval", "file">>
<<"interval", "file">>
<<"interval", "file">>
<<"interval", "file">>
<<"interval", "file">>
<<"interval", "file">>
<<"interval", "file">>
<<"interval", "file">>
<<"interval", "file">>
<<"interval", "file">>
<<"interval", "file">>
<<"interval", "file">>
<<"interval", "file">>
<<"interval", "file">>
<<"interval", "file">>
<<"interval", "file">>
<<"interval", "file">>
<<"interval", "file">>
<<"interval", "file">>
<<"interval", "file">>
<<"interval", "file">>
<<"interval", "file">>
<<"interval", "file">>
<<"interval", "file">>
<<"interval", "file">>
<<"interval", "file">>
<<"interval", "file">>
<<"interval", "file">>
<<"interval", "file">>
<<"interval", "file">>
<<"interval", "file">>
<<"interval", "file">>
<<"interval", "file">>
<<"interval", "file">>
<<"interval", "file">>
<<"interval", "file">>
<<"interval", "file">>
<<"interval", "file">>
<<"interval", "file">>
<<"interval", "file">>
<<"interval", "file">>
<<"interval", "file">>
<<"interval", "file">>
<<"interval", "file">>
<<"interval", "file">>
<<"interval", "file">>
<<"interval", "file">>
<<"interval", "file">>
<<"interval", "file">>
<<"interval", "file">>
<<"interval", "file">>
<<"interval", "file">>
<<"interval", "file">>
<<"interval", "file">>
<<"interval", "file">>
<<"interval", "file">>
<<"interval", "file">>
<<"interval", "file">>
<<"interval", "file">>
<<"interval", "file">>
<<"interval", "file">>
<<"interval", "file">>
<<"interval", "file">>
<<"interval", "file">>
<<"interval", "file">>
<<"interval", "file">>
<<"interval", "file">>
<<"interval", "file">>
<<"interval", "file">>
<<"interval", "file">>
<<"interval", "file">>
<<"interval", "file">>
<<"interval", "file">>
<<"interval", "file">>
<<"interval", "file">>
<<"interval", "file">>
<<"interval", "file">>
<<"interval", "file">>
<<"interval", "file">>
<<"interval", "file">>
<<"interval", "file">>
<<"interval", "file">>
<<"interval", "file">>
<<"interval", "file">>
<<"interval", "file">>
<<"interval", "file">>
<<"interval", "file">>
<<"interval", "file">>
<<"interval", "file">>
<<"interval", "file">>
<<"interval", "file">>
<<"interval", "file">>
<<"interval", "file">>
<<"interval", "file">>
<<"interval", "file">>
<<"interval", "file">>
<<"interval", "file">>
<<"interval", "file">>
<<"interval", "file">>
<<"interval", "file">>
<<"interval", "file">>
<<"interval", "file">>
<<"interval", "file">>
<<"interval", "file">>
<<"interval", "file">>
<<"interval", "file">>
<<"interval", "file">>
<<"interval", "file">>
<<"interval", "file">>
<<"interval", "file">>
<<"interval", "file">>
<<"interval", "file">>
<<"interval", "file">>
<<"interval", "file">>
<<"interval", "file">>
<<"interval", "file">>
<<"interval", "file">>
<<"interval", "file">>
<<"interval", "file">>
<<"interval", "file">>
<<"interval", "file">>
<<"interval", "file">>
<<"interval", "file">>
<<"interval", "file">>
<<"interval", "file">>
<<"interval", "file">>
<<"interval", "file">>
<<"interval", "file">>
<<"interval", "file">>
<<"interval", "file">>
<<"interval", "file">>
<<"interval", "file">>
<<"interval", "file">>
<<"interval", "file">>
<<"interval", "file">>
<<"interval", "file">>
<<"interval", "file">>
<<"interval", "file">>
<<"interval", "file">>
<<"interval", "file">>
<<"interval", "file">>
<<"interval", "file">>
<<"interval", "file">>
<<"interval", "file">>
<<"interval", "file">>
<<"interval", "file">>
<<"interval", "file">>
<<"interval", "file">>
<<"interval", "file">>
<<"interval", "file">>
<<"interval", "file">>
<<"interval", "file">>
<<"interval", "file">>
<<"interval", "file">>
<<"interval", "file">>
<<"interval", "file">>
<<"interval", "file">>
<<"interval", "file">>
<<"interval", "file">>
<<"interval", "file">>
<<"interval", "file">>
<<"interval", "file">>
<<"interval", "file">>
<<"interval", "file">>
<<"interval", "file">>
<<"interval", "file">>
<<"interval", "file">>
<<"interval", "file">>
<<"interval", "file">>
<<"interval", "file">>
<<"interval", "file">>
<<"interval", "file">>
<<"interval", "file">>
<<"interval", "file">>
<<"interval", "file">>
<<"interval", "file">>
<<"interval", "file">>
<<"interval", "file">>
<<"interval", "file">>
<<"interval", "file">>
<<"interval", "file">>
<<"interval", "file">>
<<"interval", "file">>
<<"interval", "file">>
<<"interval", "file">>
<<"interval", "file">>
<<"interval", "file">>
<<"interval", "file">>
<<"interval", "file">>
<<"interval", "file">>
<<"interval", "file">>
<<"interval", "file">>
<<"interval", "file">>
<<"interval", "file">>
<<"interval", "file">>
<<"interval", "file">>
<<"interval", "file">>
<<"interval", "file">>
<<"interval", "file">>
<<"interval", "file">>
<<"interval", "file">>
<<"interval", "file">>
<<"interval", "file">>
<<"interval", "file">>
<<"interval", "file">>
<<"interval", "file">>
<<"interval", "file">>
<<"interval", "file">>
<<"interval", "file">>
<<"interval", "file">>
<<"interval", "file">>
<<"interval", "file">>
<<"interval", "file">>
<<"interval", "file">>
<<"interval", "file">>
<<"interval", "file">>
<<"interval", "file">>
<<"interval", "file">>
<<"interval", "file">>
<<"interval", "file">>
<<"interval", "file">>
<<"interval", "file">>
<<"interval", "file">>
<<"interval", "file">>
<<"interval", "file">>
<<"interval", "file">>
<<"interval", "file">>
<<"interval", "file">>
<<"interval", "file">>
<<"interval", "file">>
<<"interval", "file">>
<<"interval", "file">>
<<"interval", "file">>
<<"interval", "file">>
<<"interval", "file">>
<<"interval", "file">>
<<"interval", "file">>
<<"interval", "file">>
<<"interval", "file">>
<<"interval", "file">>
<<"interval", "file">>
<<"interval", "file">>
<<"interval", "file">>
<<"interval", "file">>
<<"interval", "file">>
<<"interval", "file">>
<<"interval", "file">>
<<"interval", "file">>
<<"interval", "file">>
<<"interval", "file">>
<<"interval", "file">>
<<"interval", "file">>
<<"interval", "file">>
<<"interval", "file">>
<<"interval", "file">>
<<"interval", "file">>
<<"interval", "file">>
<<"interval", "file">>
<<"interval", "file">>
<<"interval", "file">>
<<"interval", "file">>
<<"interval", "file">>
<<"interval", "file">>
<<"interval", "file">>
<<"interval", "file">>
<<"interval", "file">>
<<"interval", "file">>
<<"interval", "file">>
<<"interval", "file">>
<<"interval", "file">>
<<"interval", "file">>
<<"interval", "file">>
<<"interval", "file">>
<<"interval", "file">>
<<"interval", "file">>
<<"interval", "file">>
<<"interval", "file">>
<<"interval", "file">>
<<"interval", "file">>
<<"interval", "file">>
<<"interval", "file">>
<<"interval", "file">>
<<"interval", "file">>
<<"interval", "file">>
<<"interval", "file">>
<<"interval", "file">>
<<"interval", "file">>
<<"interval", "file">>
<<"interval", "file">>
<<"interval", "file">>
<<"interval", "file">>
<<"interval", "file">>
<<"interval", "file">>
<<"interval", "file">>
<<"interval", "file">>
<<"interval", "file">>
<<"interval", "file">>
<<"interval", "file">>
<<"interval", "file">>
<<"interval", "file">>
<<"interval", "file">>
<<"interval", "file">>
<<"interval", "file">>
<<"interval", "file">>
<<"interval", "file">>
<<"interval", "file">>
<<"interval", "file">>
<<"interval", "file">>
<<"interval", "file">>
<<"interval", "file">>
<<"interval", "file">>
<<"interval", "file">>
<<"interval", "file">>
<<"interval", "file">>
<<"interval", "file">>
<<"interval", "file">>
<<"interval", "file">>
<<"interval", "file">>
<<"interval", "file">>
<<"interval", "file">>
<<"interval", "file">>
<<"interval", "file">>
<<"interval", "file">>
<<"interval", "file">>
<<"interval", "file">>
<<"interval", "file">>
<<"interval", "file">>
<<"interval", "file">>
<<"interval", "file">>
<<"interval", "file">>
<<"interval", "file">>
<<"interval", "file">>
<<"interval", "file">>
<<"interval", "file">>
<<"interval", "file">>
<<"interval", "file">>
<<"interval", "file">>
<<"interval", "file">>
<<"interval", "file">>
<<"interval", "file">>
<<"interval", "file">>
<<"interval", "file">>
<<"interval", "file">>
<<"interval", "file">>
<<"interval", "file">>
<<"interval", "file">>
<<"interval", "file">>
<<"interval", "file">>
<<"interval", "file">>
<<"interval", "file">>
<<"interval", "file">>
<<"interval", "file">>
<<"interval", "file">>
<<"interval", "file">>
<<"interval", "file">>
<<"interval", "file">>
<<"interval", "file">>
<<"interval", "file">>
<<"interval", "file">>
<<"interval", "file">>
<<"interval", "file">>
<<"interval", "file">>
<<"interval", "file">>
<<"interval", "file">>
<<"interval", "file">>
<<"interval", "file">>
<<"interval", "file">>
<<"interval", "file">>
<<"interval", "file">>
<<"interval", "file">>
<<"interval", "file">>
<<"interval", "file">>
<<"interval", "file">>
<<"interval", "file">>
<<"interval", "file">>
<<"interval", "file">>
<<"interval", "file">>
<<"interval", "file">>
<<"interval", "file">>
<<"interval", "file">>
<<"interval", "file">>
<<"interval", "file">>
<<"interval", "file">>
<<"interval", "file">>
<<"interval", "file">>
<<"interval", "file">>
<<"interval", "file">>
<<"interval", "file">>
<<"interval", "file">>
<<"interval", "file">>
<<"interval", "file">>
<<"interval", "file">>
<<"interval", "file">>
<<"interval", "file">>
<<"interval", "file">>
<<"interval", "file">>
<<"interval", "file">>
<<"interval", "file">>
<<"interval", "file">>
<<"interval", "file">>
<<"interval", "file">>
<<"interval", "file">>
<<"interval", "file">>
<<"interval", "file">>
<<"interval", "file">>
<<"interval", "file">>
<<"interval", "file">>
<<"interval", "file">>
<<"interval", "file">>
<<"interval", "file">>
<<"interval", "file">>
<<"interval", "file">>
<<"interval", "file">>
<<"interval", "file">>
<<"interval", "file">>
<<"interval", "file">>
<<"interval", "file">>
<<"interval", "file">>
<<"interval", "file">>
<<"interval", "file">>
<<"interval", "file">>
<<"interval", "file">>
<<"interval", "file">>
<<"interval", "file">>
<<"interval", "file">>
<<"interval", "file">>
<<"interval", "file">>
<<"interval", "file">>
<<"interval", "file">>
<<"interval", "file">>
<<"interval", "file">>
<<"interval", "file">>
<<"interval", "file">>
<<"interval", "file">>
<<"interval", "file">>
<<"interval", "file">>
<<"interval", "file">>
<<"interval", "file">>
<<"interval", "file">>
<<"interval", "file">>
<<"interval", "file">>
<<"interval", "file">>
<<"interval", "file">>
<<"interval", "file">>
<<"interval", "file">>
<<"interval", "file">>
<<"interval", "file">>
<<"interval", "file">>
<<"interval", "file">>
<<"interval", "file">>
<<"interval", "file">>
<<"interval", "file">>
<<"interval", "file">>
<<"interval", "file">>
<<"interval", "file">>
<<"interval", "file">>
<<"interval", "file">>
<<"interval", "file">>
<<"interval", "file">>
<<"interval", "file">>
<<"interval", "file">>
<<"interval", "file">>
<<"interval", "file">>
<<"interval", "file">>
<<"interval", "file">>
<<"interval", "file">>
<<"interval", "file">>
<<"interval", "file">>
<<"interval", "file">>
<<"interval", "file">>
<<"interval", "file">>
<<"interval", "file">>
<<"interval", "file">>
<<"interval", "file">>
<<"interval", "file">>
<<"interval", "file">>
<<"interval", "file">>
<<"interval", "file">>
<<"interval", "file">>
<<"interval", "file">>
<<"interval", "file">>
<<"interval", "file">>
<<"interval", "file">>
<<"interval", "file">>
<<"interval", "file">>
<<"interval", "file">>
<<"interval", "file">>
<<"interval", "file">>
<<"interval", "file">>
<<"interval", "file">>
<<"interval", "file">>
<<"interval", "file">>
<<"interval", "file">>
<<"interval", "file">>
<<"interval", "file">>
<<"interval", "file">>
<<"interval", "file">>
<<"interval", "file">>
<<"interval", "file">>
<<"interval", "file">>
<<"interval", "file">>
<<"interval", "file">>
<<"interval", "file">>
<<"interval", "file">>
<<"interval", "file">>
<<"interval", "file">>
<<"interval", "file">>
<<"interval", "file">>
<<"interval", "file">>
<<"interval", "file">>
<<"interval", "file">>
<<"interval", "file">>
<<"interval", "file">>
<<"interval", "file">>
<<"interval", "file">>
<<"interval", "file">>
<<"interval", "file">>
<<"interval", "file">>
<<"interval", "file">>
<<"interval", "file">>
<<"interval", "file">>
<<"interval", "file">>
<<"interval", "file">>
<<"interval", "file">>
<<"interval", "file">>
<<"interval", "file">>
<<"interval", "file">>
<<"interval", "file">>
<<"interval", "file">>
<<"interval", "file">>
<<"interval", "file">>
<<"interval", "file">>
<<"interval", "file">>
<<"interval", "file">>
<<"interval", "file">>
<<"interval", "file">>
<<"interval", "file">>
<<"interval", "file">>
<<"interval", "file">>
<<"interval", "file">>
<<"interval", "file">>
<<"interval", "file">>
<<"interval", "file">>
<<"interval", "file">>
<<"interval", "file">>
<<"interval", "file">>
<<"interval", "file">>
<<"interval", "file">>
@!@!@STARTMSG 2200:0 @!@!@
Progress(42) at 2023-04-13 09:23:42: 2.785 states generated, 1.100 distinct states found, 0 states left on queue.
@!@!@ENDMSG 2200 @!@!@
@!@!@STARTMSG 2192:0 @!@!@
Checking 2 branches of temporal properties for the complete state space with 2200 total distinct states at (2023-04-13 09:23:42)
@!@!@ENDMSG 2192 @!@!@
@!@!@STARTMSG 2267:0 @!@!@
Finished checking temporal properties in 00s at 2023-04-13 09:23:42
@!@!@ENDMSG 2267 @!@!@
@!@!@STARTMSG 2193:0 @!@!@
Model checking completed. No error has been found.
  Estimates of the probability that TLC did not check all reachable states
  because two distinct states had the same fingerprint:
  calculated (optimistic):  val = 1.0E-13
@!@!@ENDMSG 2193 @!@!@
@!@!@STARTMSG 2201:0 @!@!@
The coverage statistics at 2023-04-13 09:23:42
@!@!@ENDMSG 2201 @!@!@
@!@!@STARTMSG 2773:0 @!@!@
<Init line 72, col 1 to line 72, col 4 of module assignment01>: 1:1
@!@!@ENDMSG 2773 @!@!@
@!@!@STARTMSG 2221:0 @!@!@
  line 73, col 9 to line 80, col 95 of module assignment01: 1
@!@!@ENDMSG 2221 @!@!@
@!@!@STARTMSG 2772:0 @!@!@
<WriteInterval line 82, col 1 to line 82, col 19 of module assignment01>: 15:283
@!@!@ENDMSG 2772 @!@!@
@!@!@STARTMSG 2221:0 @!@!@
  line 82, col 27 to line 82, col 52 of module assignment01: 1442
@!@!@ENDMSG 2221 @!@!@
@!@!@STARTMSG 2221:0 @!@!@
  |line 82, col 27 to line 82, col 34 of module assignment01: 1159
@!@!@ENDMSG 2221 @!@!@
@!@!@STARTMSG 2221:0 @!@!@
  line 83, col 27 to line 83, col 58 of module assignment01: 283
@!@!@ENDMSG 2221 @!@!@
@!@!@STARTMSG 2221:0 @!@!@
  line 84, col 27 to line 84, col 74 of module assignment01: 283
@!@!@ENDMSG 2221 @!@!@
@!@!@STARTMSG 2772:0 @!@!@
<w1 line 86, col 1 to line 86, col 8 of module assignment01>: 52:149
@!@!@ENDMSG 2772 @!@!@
@!@!@STARTMSG 2221:0 @!@!@
  line 86, col 16 to line 86, col 30 of module assignment01: 1308
@!@!@ENDMSG 2221 @!@!@
@!@!@STARTMSG 2221:0 @!@!@
  |line 86, col 16 to line 86, col 23 of module assignment01: 1159
@!@!@ENDMSG 2221 @!@!@
@!@!@STARTMSG 2221:0 @!@!@
  line 87, col 16 to line 87, col 24 of module assignment01: 149
@!@!@ENDMSG 2221 @!@!@
@!@!@STARTMSG 2221:0 @!@!@
  |line 87, col 16 to line 87, col 20 of module assignment01: 270
@!@!@ENDMSG 2221 @!@!@
@!@!@STARTMSG 2221:0 @!@!@
  line 88, col 16 to line 88, col 33 of module assignment01: 149
@!@!@ENDMSG 2221 @!@!@
@!@!@STARTMSG 2221:0 @!@!@
  line 89, col 16 to line 89, col 50 of module assignment01: 149
@!@!@ENDMSG 2221 @!@!@
@!@!@STARTMSG 2221:0 @!@!@
  line 90, col 16 to line 90, col 56 of module assignment01: 149
@!@!@ENDMSG 2221 @!@!@
@!@!@STARTMSG 2772:0 @!@!@
<write line 92, col 1 to line 92, col 11 of module assignment01>: 50:138
@!@!@ENDMSG 2772 @!@!@
@!@!@STARTMSG 2221:0 @!@!@
  line 92, col 19 to line 92, col 36 of module assignment01: 1297
@!@!@ENDMSG 2221 @!@!@
@!@!@STARTMSG 2221:0 @!@!@
  |line 92, col 19 to line 92, col 26 of module assignment01: 1159
@!@!@ENDMSG 2221 @!@!@
@!@!@STARTMSG 2221:0 @!@!@
  line 93, col 19 to line 93, col 74 of module assignment01: 138
@!@!@ENDMSG 2221 @!@!@
@!@!@STARTMSG 2221:0 @!@!@
  line 94, col 19 to line 94, col 68 of module assignment01: 138
@!@!@ENDMSG 2221 @!@!@
@!@!@STARTMSG 2221:0 @!@!@
  line 95, col 19 to line 95, col 50 of module assignment01: 138
@!@!@ENDMSG 2221 @!@!@
@!@!@STARTMSG 2221:0 @!@!@
  line 96, col 19 to line 96, col 45 of module assignment01: 138
@!@!@ENDMSG 2221 @!@!@
@!@!@STARTMSG 2772:0 @!@!@
<s1 line 98, col 1 to line 98, col 8 of module assignment01>: 12:155
@!@!@ENDMSG 2772 @!@!@
@!@!@STARTMSG 2221:0 @!@!@
  line 98, col 16 to line 98, col 30 of module assignment01: 1314
@!@!@ENDMSG 2221 @!@!@
@!@!@STARTMSG 2221:0 @!@!@
  |line 98, col 16 to line 98, col 23 of module assignment01: 1159
@!@!@ENDMSG 2221 @!@!@
@!@!@STARTMSG 2221:0 @!@!@
  line 99, col 16 to line 99, col 33 of module assignment01: 155
@!@!@ENDMSG 2221 @!@!@
@!@!@STARTMSG 2221:0 @!@!@
  line 100, col 16 to line 100, col 48 of module assignment01: 155
@!@!@ENDMSG 2221 @!@!@
@!@!@STARTMSG 2221:0 @!@!@
  line 101, col 16 to line 101, col 56 of module assignment01: 155
@!@!@ENDMSG 2221 @!@!@
@!@!@STARTMSG 2772:0 @!@!@
<put line 103, col 1 to line 103, col 9 of module assignment01>: 13:224
@!@!@ENDMSG 2772 @!@!@
@!@!@STARTMSG 2221:0 @!@!@
  line 103, col 17 to line 103, col 32 of module assignment01: 1383
@!@!@ENDMSG 2221 @!@!@
@!@!@STARTMSG 2221:0 @!@!@
  |line 103, col 17 to line 103, col 24 of module assignment01: 1159
@!@!@ENDMSG 2221 @!@!@
@!@!@STARTMSG 2221:0 @!@!@
  line 104, col 17 to line 104, col 47 of module assignment01: 224
@!@!@ENDMSG 2221 @!@!@
@!@!@STARTMSG 2221:0 @!@!@
  |line 104, col 17 to line 104, col 33 of module assignment01: 313
@!@!@ENDMSG 2221 @!@!@
@!@!@STARTMSG 2221:0 @!@!@
  |line 104, col 37 to line 104, col 47 of module assignment01: 313
@!@!@ENDMSG 2221 @!@!@
@!@!@STARTMSG 2221:0 @!@!@
  line 105, col 17 to line 105, col 65 of module assignment01: 224
@!@!@ENDMSG 2221 @!@!@
@!@!@STARTMSG 2221:0 @!@!@
  line 106, col 17 to line 106, col 59 of module assignment01: 224
@!@!@ENDMSG 2221 @!@!@
@!@!@STARTMSG 2221:0 @!@!@
  line 107, col 17 to line 107, col 50 of module assignment01: 224
@!@!@ENDMSG 2221 @!@!@
@!@!@STARTMSG 2772:0 @!@!@
<ReadInterval line 112, col 1 to line 112, col 18 of module assignment01>: 354:783
@!@!@ENDMSG 2772 @!@!@
@!@!@STARTMSG 2221:0 @!@!@
  line 112, col 26 to line 112, col 50 of module assignment01: 3101
@!@!@ENDMSG 2221 @!@!@
@!@!@STARTMSG 2221:0 @!@!@
  |line 112, col 26 to line 112, col 33 of module assignment01: 2318
@!@!@ENDMSG 2221 @!@!@
@!@!@STARTMSG 2221:0 @!@!@
  line 113, col 26 to line 113, col 59 of module assignment01: 783
@!@!@ENDMSG 2221 @!@!@
@!@!@STARTMSG 2221:0 @!@!@
  line 114, col 26 to line 114, col 73 of module assignment01: 783
@!@!@ENDMSG 2221 @!@!@
@!@!@STARTMSG 2772:0 @!@!@
<take line 116, col 1 to line 116, col 10 of module assignment01>: 200:611
@!@!@ENDMSG 2772 @!@!@
@!@!@STARTMSG 2221:0 @!@!@
  line 116, col 18 to line 116, col 34 of module assignment01: 2929
@!@!@ENDMSG 2221 @!@!@
@!@!@STARTMSG 2221:0 @!@!@
  |line 116, col 18 to line 116, col 25 of module assignment01: 2318
@!@!@ENDMSG 2221 @!@!@
@!@!@STARTMSG 2221:0 @!@!@
  line 117, col 18 to line 117, col 37 of module assignment01: 1333
@!@!@ENDMSG 2221 @!@!@
@!@!@STARTMSG 2221:0 @!@!@
  |line 117, col 18 to line 117, col 29 of module assignment01: 722
@!@!@ENDMSG 2221 @!@!@
@!@!@STARTMSG 2221:0 @!@!@
  |line 117, col 34 to line 117, col 37 of module assignment01: 722
@!@!@ENDMSG 2221 @!@!@
@!@!@STARTMSG 2221:0 @!@!@
  line 118, col 18 to line 118, col 67 of module assignment01: 611
@!@!@ENDMSG 2221 @!@!@
@!@!@STARTMSG 2221:0 @!@!@
  line 119, col 18 to line 119, col 51 of module assignment01: 611
@!@!@ENDMSG 2221 @!@!@
@!@!@STARTMSG 2221:0 @!@!@
  line 120, col 18 to line 120, col 49 of module assignment01: 611
@!@!@ENDMSG 2221 @!@!@
@!@!@STARTMSG 2221:0 @!@!@
  line 121, col 18 to line 121, col 45 of module assignment01: 611
@!@!@ENDMSG 2221 @!@!@
@!@!@STARTMSG 2772:0 @!@!@
<w2 line 123, col 1 to line 123, col 8 of module assignment01>: 143:206
@!@!@ENDMSG 2772 @!@!@
@!@!@STARTMSG 2221:0 @!@!@
  line 123, col 16 to line 123, col 30 of module assignment01: 2524
@!@!@ENDMSG 2221 @!@!@
@!@!@STARTMSG 2221:0 @!@!@
  |line 123, col 16 to line 123, col 23 of module assignment01: 2318
@!@!@ENDMSG 2221 @!@!@
@!@!@STARTMSG 2221:0 @!@!@
  line 124, col 16 to line 124, col 24 of module assignment01: 206
@!@!@ENDMSG 2221 @!@!@
@!@!@STARTMSG 2221:0 @!@!@
  |line 124, col 16 to line 124, col 20 of module assignment01: 420
@!@!@ENDMSG 2221 @!@!@
@!@!@STARTMSG 2221:0 @!@!@
  line 125, col 16 to line 125, col 33 of module assignment01: 206
@!@!@ENDMSG 2221 @!@!@
@!@!@STARTMSG 2221:0 @!@!@
  line 126, col 16 to line 126, col 49 of module assignment01: 206
@!@!@ENDMSG 2221 @!@!@
@!@!@STARTMSG 2221:0 @!@!@
  line 127, col 16 to line 127, col 56 of module assignment01: 206
@!@!@ENDMSG 2221 @!@!@
@!@!@STARTMSG 2772:0 @!@!@
<read line 129, col 1 to line 129, col 10 of module assignment01>: 139:193
@!@!@ENDMSG 2772 @!@!@
@!@!@STARTMSG 2221:0 @!@!@
  line 129, col 18 to line 129, col 34 of module assignment01: 2511
@!@!@ENDMSG 2221 @!@!@
@!@!@STARTMSG 2221:0 @!@!@
  |line 129, col 18 to line 129, col 25 of module assignment01: 2318
@!@!@ENDMSG 2221 @!@!@
@!@!@STARTMSG 2221:0 @!@!@
  line 130, col 18 to line 130, col 35 of module assignment01: 193
@!@!@ENDMSG 2221 @!@!@
@!@!@STARTMSG 2221:0 @!@!@
  line 131, col 18 to line 131, col 49 of module assignment01: 193
@!@!@ENDMSG 2221 @!@!@
@!@!@STARTMSG 2221:0 @!@!@
  line 132, col 18 to line 132, col 65 of module assignment01: 193
@!@!@ENDMSG 2221 @!@!@
@!@!@STARTMSG 2772:0 @!@!@
<s2 line 134, col 1 to line 134, col 8 of module assignment01>: 121:200
@!@!@ENDMSG 2772 @!@!@
@!@!@STARTMSG 2221:0 @!@!@
  line 134, col 16 to line 134, col 30 of module assignment01: 2518
@!@!@ENDMSG 2221 @!@!@
@!@!@STARTMSG 2221:0 @!@!@
  |line 134, col 16 to line 134, col 23 of module assignment01: 2318
@!@!@ENDMSG 2221 @!@!@
@!@!@STARTMSG 2221:0 @!@!@
  line 135, col 16 to line 135, col 33 of module assignment01: 200
@!@!@ENDMSG 2221 @!@!@
@!@!@STARTMSG 2221:0 @!@!@
  line 136, col 16 to line 136, col 57 of module assignment01: 200
@!@!@ENDMSG 2221 @!@!@
@!@!@STARTMSG 2221:0 @!@!@
  line 137, col 16 to line 137, col 56 of module assignment01: 200
@!@!@ENDMSG 2221 @!@!@
@!@!@STARTMSG 2774:0 @!@!@
<Action line 62, col 22 to line 62, col 101 of module assignment01>
@!@!@ENDMSG 2774 @!@!@
@!@!@STARTMSG 2221:0 @!@!@
  line 62, col 22 to line 62, col 101 of module assignment01: 1100
@!@!@ENDMSG 2221 @!@!@
@!@!@STARTMSG 2221:0 @!@!@
  |line 62, col 24 to line 62, col 100 of module assignment01: 1100
@!@!@ENDMSG 2221 @!@!@
@!@!@STARTMSG 2221:0 @!@!@
  ||line 62, col 24 to line 62, col 46 of module assignment01: 1100
@!@!@ENDMSG 2221 @!@!@
@!@!@STARTMSG 2221:0 @!@!@
  ||line 62, col 52 to line 62, col 99 of module assignment01: 138
@!@!@ENDMSG 2221 @!@!@
@!@!@STARTMSG 2202:0 @!@!@
End of statistics.
@!@!@ENDMSG 2202 @!@!@
@!@!@STARTMSG 2200:0 @!@!@
Progress(42) at 2023-04-13 09:23:42: 2.785 states generated (28.955 s/min), 1.100 distinct states found (11.436 ds/min), 0 states left on queue.
@!@!@ENDMSG 2200 @!@!@
@!@!@STARTMSG 2199:0 @!@!@
2785 states generated, 1100 distinct states found, 0 states left on queue.
@!@!@ENDMSG 2199 @!@!@
@!@!@STARTMSG 2194:0 @!@!@
The depth of the complete state graph search is 42.
@!@!@ENDMSG 2194 @!@!@
@!@!@STARTMSG 2268:0 @!@!@
The average outdegree of the complete state graph is 1 (minimum is 0, the maximum 3 and the 95th percentile is 2).
@!@!@ENDMSG 2268 @!@!@
@!@!@STARTMSG 2186:0 @!@!@
Finished in 5785ms at (2023-04-13 09:23:42)
@!@!@ENDMSG 2186 @!@!@
